<?xml version="1.0" encoding="UTF-8"?>
<testng-results ignored="0" total="2" passed="2" failed="0" skipped="0">
  <reporter-output>
  </reporter-output>
  <suite started-at="2022-11-13T02:11:42 IST" name="Suite" finished-at="2022-11-13T02:11:47 IST" duration-ms="4310">
    <groups>
    </groups>
    <test started-at="2022-11-13T02:11:42 IST" name="Test" finished-at="2022-11-13T02:11:47 IST" duration-ms="4310">
      <class name="com.Snowflake.csv.CompareCSV">
        <test-method signature="ReadCsv()[pri:0, instance:com.Snowflake.csv.CompareCSV@3315d2d7]" started-at="2022-11-13T02:11:42 IST" name="ReadCsv" finished-at="2022-11-13T02:11:42 IST" duration-ms="13" status="PASS">
          <reporter-output>
          </reporter-output>
        </test-method> <!-- ReadCsv -->
        <test-method signature="connection()[pri:0, instance:com.Snowflake.csv.CompareCSV@3315d2d7]" started-at="2022-11-13T02:11:42 IST" name="connection" finished-at="2022-11-13T02:11:47 IST" duration-ms="4261" status="PASS">
          <reporter-output>
          </reporter-output>
        </test-method> <!-- connection -->
      </class> <!-- com.Snowflake.csv.CompareCSV -->
    </test> <!-- Test -->
  </suite> <!-- Suite -->
</testng-results>
