<?xml version="1.0" encoding="UTF-8"?>
<testng-results ignored="0" total="13" passed="13" failed="0" skipped="0">
  <reporter-output>
  </reporter-output>
  <suite started-at="2022-06-08T17:23:31 IST" name="Default suite" finished-at="2022-06-08T17:25:13 IST" duration-ms="102503">
    <groups>
    </groups>
    <test started-at="2022-06-08T17:23:31 IST" name="Default test" finished-at="2022-06-08T17:25:13 IST" duration-ms="102503">
      <class name="com.qa.orangehrm.testcases.LogInTestCases">
        <test-method is-config="true" signature="setUp()[pri:0, instance:com.qa.orangehrm.testcases.LogInTestCases@2ed2d9cb]" started-at="2022-06-08T17:23:31 IST" name="setUp" finished-at="2022-06-08T17:23:37 IST" duration-ms="5725" status="PASS">
          <reporter-output>
          </reporter-output>
        </test-method> <!-- setUp -->
        <test-method signature="forgotPassword()[pri:0, instance:com.qa.orangehrm.testcases.LogInTestCases@2ed2d9cb]" started-at="2022-06-08T17:23:37 IST" name="forgotPassword" finished-at="2022-06-08T17:23:38 IST" duration-ms="1031" status="PASS">
          <reporter-output>
          </reporter-output>
        </test-method> <!-- forgotPassword -->
        <test-method is-config="true" signature="cleanUp()[pri:0, instance:com.qa.orangehrm.testcases.LogInTestCases@2ed2d9cb]" started-at="2022-06-08T17:23:38 IST" name="cleanUp" finished-at="2022-06-08T17:23:38 IST" duration-ms="464" status="PASS">
          <reporter-output>
          </reporter-output>
        </test-method> <!-- cleanUp -->
        <test-method is-config="true" signature="setUp()[pri:0, instance:com.qa.orangehrm.testcases.LogInTestCases@2ed2d9cb]" started-at="2022-06-08T17:23:38 IST" name="setUp" finished-at="2022-06-08T17:23:44 IST" duration-ms="5375" status="PASS">
          <reporter-output>
          </reporter-output>
        </test-method> <!-- setUp -->
        <test-method signature="forgottextbox1()[pri:0, instance:com.qa.orangehrm.testcases.LogInTestCases@2ed2d9cb]" started-at="2022-06-08T17:23:44 IST" name="forgottextbox1" finished-at="2022-06-08T17:23:45 IST" duration-ms="1923" status="PASS">
          <reporter-output>
          </reporter-output>
        </test-method> <!-- forgottextbox1 -->
        <test-method is-config="true" signature="cleanUp()[pri:0, instance:com.qa.orangehrm.testcases.LogInTestCases@2ed2d9cb]" started-at="2022-06-08T17:23:45 IST" name="cleanUp" finished-at="2022-06-08T17:23:46 IST" duration-ms="411" status="PASS">
          <reporter-output>
          </reporter-output>
        </test-method> <!-- cleanUp -->
        <test-method is-config="true" signature="setUp()[pri:0, instance:com.qa.orangehrm.testcases.LogInTestCases@2ed2d9cb]" started-at="2022-06-08T17:23:46 IST" name="setUp" finished-at="2022-06-08T17:23:52 IST" duration-ms="5909" status="PASS">
          <reporter-output>
          </reporter-output>
        </test-method> <!-- setUp -->
        <test-method signature="forgottextbox2()[pri:0, instance:com.qa.orangehrm.testcases.LogInTestCases@2ed2d9cb]" started-at="2022-06-08T17:23:52 IST" name="forgottextbox2" finished-at="2022-06-08T17:23:54 IST" duration-ms="2118" status="PASS">
          <reporter-output>
          </reporter-output>
        </test-method> <!-- forgottextbox2 -->
        <test-method is-config="true" signature="cleanUp()[pri:0, instance:com.qa.orangehrm.testcases.LogInTestCases@2ed2d9cb]" started-at="2022-06-08T17:23:54 IST" name="cleanUp" finished-at="2022-06-08T17:23:54 IST" duration-ms="417" status="PASS">
          <reporter-output>
          </reporter-output>
        </test-method> <!-- cleanUp -->
        <test-method is-config="true" signature="setUp()[pri:0, instance:com.qa.orangehrm.testcases.LogInTestCases@2ed2d9cb]" started-at="2022-06-08T17:23:54 IST" name="setUp" finished-at="2022-06-08T17:24:00 IST" duration-ms="5767" status="PASS">
          <reporter-output>
          </reporter-output>
        </test-method> <!-- setUp -->
        <test-method signature="forgottextbox3()[pri:0, instance:com.qa.orangehrm.testcases.LogInTestCases@2ed2d9cb]" started-at="2022-06-08T17:24:00 IST" name="forgottextbox3" finished-at="2022-06-08T17:24:02 IST" duration-ms="2153" status="PASS">
          <reporter-output>
          </reporter-output>
        </test-method> <!-- forgottextbox3 -->
        <test-method is-config="true" signature="cleanUp()[pri:0, instance:com.qa.orangehrm.testcases.LogInTestCases@2ed2d9cb]" started-at="2022-06-08T17:24:02 IST" name="cleanUp" finished-at="2022-06-08T17:24:03 IST" duration-ms="466" status="PASS">
          <reporter-output>
          </reporter-output>
        </test-method> <!-- cleanUp -->
        <test-method is-config="true" signature="setUp()[pri:0, instance:com.qa.orangehrm.testcases.LogInTestCases@2ed2d9cb]" started-at="2022-06-08T17:24:03 IST" name="setUp" finished-at="2022-06-08T17:24:08 IST" duration-ms="5387" status="PASS">
          <reporter-output>
          </reporter-output>
        </test-method> <!-- setUp -->
        <test-method signature="forgottextbox4()[pri:0, instance:com.qa.orangehrm.testcases.LogInTestCases@2ed2d9cb]" started-at="2022-06-08T17:24:08 IST" name="forgottextbox4" finished-at="2022-06-08T17:24:10 IST" duration-ms="1898" status="PASS">
          <reporter-output>
          </reporter-output>
        </test-method> <!-- forgottextbox4 -->
        <test-method is-config="true" signature="cleanUp()[pri:0, instance:com.qa.orangehrm.testcases.LogInTestCases@2ed2d9cb]" started-at="2022-06-08T17:24:10 IST" name="cleanUp" finished-at="2022-06-08T17:24:10 IST" duration-ms="435" status="PASS">
          <reporter-output>
          </reporter-output>
        </test-method> <!-- cleanUp -->
        <test-method is-config="true" signature="setUp()[pri:0, instance:com.qa.orangehrm.testcases.LogInTestCases@2ed2d9cb]" started-at="2022-06-08T17:24:10 IST" name="setUp" finished-at="2022-06-08T17:24:16 IST" duration-ms="5221" status="PASS">
          <reporter-output>
          </reporter-output>
        </test-method> <!-- setUp -->
        <test-method signature="forgottextbox5()[pri:0, instance:com.qa.orangehrm.testcases.LogInTestCases@2ed2d9cb]" started-at="2022-06-08T17:24:16 IST" name="forgottextbox5" finished-at="2022-06-08T17:24:17 IST" duration-ms="1841" status="PASS">
          <reporter-output>
          </reporter-output>
        </test-method> <!-- forgottextbox5 -->
        <test-method is-config="true" signature="cleanUp()[pri:0, instance:com.qa.orangehrm.testcases.LogInTestCases@2ed2d9cb]" started-at="2022-06-08T17:24:17 IST" name="cleanUp" finished-at="2022-06-08T17:24:18 IST" duration-ms="419" status="PASS">
          <reporter-output>
          </reporter-output>
        </test-method> <!-- cleanUp -->
        <test-method is-config="true" signature="setUp()[pri:0, instance:com.qa.orangehrm.testcases.LogInTestCases@2ed2d9cb]" started-at="2022-06-08T17:24:18 IST" name="setUp" finished-at="2022-06-08T17:24:23 IST" duration-ms="5415" status="PASS">
          <reporter-output>
          </reporter-output>
        </test-method> <!-- setUp -->
        <test-method signature="logInTest()[pri:0, instance:com.qa.orangehrm.testcases.LogInTestCases@2ed2d9cb]" started-at="2022-06-08T17:24:23 IST" name="logInTest" finished-at="2022-06-08T17:24:28 IST" duration-ms="5088" status="PASS">
          <reporter-output>
          </reporter-output>
        </test-method> <!-- logInTest -->
        <test-method is-config="true" signature="cleanUp()[pri:0, instance:com.qa.orangehrm.testcases.LogInTestCases@2ed2d9cb]" started-at="2022-06-08T17:24:28 IST" name="cleanUp" finished-at="2022-06-08T17:24:29 IST" duration-ms="441" status="PASS">
          <reporter-output>
          </reporter-output>
        </test-method> <!-- cleanUp -->
        <test-method is-config="true" signature="setUp()[pri:0, instance:com.qa.orangehrm.testcases.LogInTestCases@2ed2d9cb]" started-at="2022-06-08T17:24:29 IST" name="setUp" finished-at="2022-06-08T17:24:34 IST" duration-ms="5304" status="PASS">
          <reporter-output>
          </reporter-output>
        </test-method> <!-- setUp -->
        <test-method signature="logInTest2()[pri:0, instance:com.qa.orangehrm.testcases.LogInTestCases@2ed2d9cb]" started-at="2022-06-08T17:24:34 IST" name="logInTest2" finished-at="2022-06-08T17:24:36 IST" duration-ms="1551" status="PASS">
          <reporter-output>
          </reporter-output>
        </test-method> <!-- logInTest2 -->
        <test-method is-config="true" signature="cleanUp()[pri:0, instance:com.qa.orangehrm.testcases.LogInTestCases@2ed2d9cb]" started-at="2022-06-08T17:24:36 IST" name="cleanUp" finished-at="2022-06-08T17:24:36 IST" duration-ms="448" status="PASS">
          <reporter-output>
          </reporter-output>
        </test-method> <!-- cleanUp -->
        <test-method is-config="true" signature="setUp()[pri:0, instance:com.qa.orangehrm.testcases.LogInTestCases@2ed2d9cb]" started-at="2022-06-08T17:24:36 IST" name="setUp" finished-at="2022-06-08T17:24:41 IST" duration-ms="5268" status="PASS">
          <reporter-output>
          </reporter-output>
        </test-method> <!-- setUp -->
        <test-method signature="logInTest3()[pri:0, instance:com.qa.orangehrm.testcases.LogInTestCases@2ed2d9cb]" started-at="2022-06-08T17:24:41 IST" name="logInTest3" finished-at="2022-06-08T17:24:43 IST" duration-ms="1929" status="PASS">
          <reporter-output>
          </reporter-output>
        </test-method> <!-- logInTest3 -->
        <test-method is-config="true" signature="cleanUp()[pri:0, instance:com.qa.orangehrm.testcases.LogInTestCases@2ed2d9cb]" started-at="2022-06-08T17:24:43 IST" name="cleanUp" finished-at="2022-06-08T17:24:44 IST" duration-ms="481" status="PASS">
          <reporter-output>
          </reporter-output>
        </test-method> <!-- cleanUp -->
        <test-method is-config="true" signature="setUp()[pri:0, instance:com.qa.orangehrm.testcases.LogInTestCases@2ed2d9cb]" started-at="2022-06-08T17:24:44 IST" name="setUp" finished-at="2022-06-08T17:24:49 IST" duration-ms="5368" status="PASS">
          <reporter-output>
          </reporter-output>
        </test-method> <!-- setUp -->
        <test-method signature="logInTest4()[pri:0, instance:com.qa.orangehrm.testcases.LogInTestCases@2ed2d9cb]" started-at="2022-06-08T17:24:49 IST" name="logInTest4" finished-at="2022-06-08T17:24:51 IST" duration-ms="1716" status="PASS">
          <reporter-output>
          </reporter-output>
        </test-method> <!-- logInTest4 -->
        <test-method is-config="true" signature="cleanUp()[pri:0, instance:com.qa.orangehrm.testcases.LogInTestCases@2ed2d9cb]" started-at="2022-06-08T17:24:51 IST" name="cleanUp" finished-at="2022-06-08T17:24:51 IST" duration-ms="478" status="PASS">
          <reporter-output>
          </reporter-output>
        </test-method> <!-- cleanUp -->
        <test-method is-config="true" signature="setUp()[pri:0, instance:com.qa.orangehrm.testcases.LogInTestCases@2ed2d9cb]" started-at="2022-06-08T17:24:51 IST" name="setUp" finished-at="2022-06-08T17:24:57 IST" duration-ms="5650" status="PASS">
          <reporter-output>
          </reporter-output>
        </test-method> <!-- setUp -->
        <test-method signature="logInTest5()[pri:0, instance:com.qa.orangehrm.testcases.LogInTestCases@2ed2d9cb]" started-at="2022-06-08T17:24:57 IST" name="logInTest5" finished-at="2022-06-08T17:24:59 IST" duration-ms="1781" status="PASS">
          <reporter-output>
          </reporter-output>
        </test-method> <!-- logInTest5 -->
        <test-method is-config="true" signature="cleanUp()[pri:0, instance:com.qa.orangehrm.testcases.LogInTestCases@2ed2d9cb]" started-at="2022-06-08T17:24:59 IST" name="cleanUp" finished-at="2022-06-08T17:24:59 IST" duration-ms="477" status="PASS">
          <reporter-output>
          </reporter-output>
        </test-method> <!-- cleanUp -->
        <test-method is-config="true" signature="setUp()[pri:0, instance:com.qa.orangehrm.testcases.LogInTestCases@2ed2d9cb]" started-at="2022-06-08T17:24:59 IST" name="setUp" finished-at="2022-06-08T17:25:05 IST" duration-ms="5500" status="PASS">
          <reporter-output>
          </reporter-output>
        </test-method> <!-- setUp -->
        <test-method signature="logInTest6()[pri:0, instance:com.qa.orangehrm.testcases.LogInTestCases@2ed2d9cb]" started-at="2022-06-08T17:25:05 IST" name="logInTest6" finished-at="2022-06-08T17:25:07 IST" duration-ms="2152" status="PASS">
          <reporter-output>
          </reporter-output>
        </test-method> <!-- logInTest6 -->
        <test-method is-config="true" signature="cleanUp()[pri:0, instance:com.qa.orangehrm.testcases.LogInTestCases@2ed2d9cb]" started-at="2022-06-08T17:25:07 IST" name="cleanUp" finished-at="2022-06-08T17:25:07 IST" duration-ms="463" status="PASS">
          <reporter-output>
          </reporter-output>
        </test-method> <!-- cleanUp -->
        <test-method is-config="true" signature="setUp()[pri:0, instance:com.qa.orangehrm.testcases.LogInTestCases@2ed2d9cb]" started-at="2022-06-08T17:25:07 IST" name="setUp" finished-at="2022-06-08T17:25:13 IST" duration-ms="5347" status="PASS">
          <reporter-output>
          </reporter-output>
        </test-method> <!-- setUp -->
        <test-method signature="logInTest7()[pri:0, instance:com.qa.orangehrm.testcases.LogInTestCases@2ed2d9cb]" started-at="2022-06-08T17:25:13 IST" name="logInTest7" finished-at="2022-06-08T17:25:13 IST" duration-ms="169" status="PASS">
          <reporter-output>
          </reporter-output>
        </test-method> <!-- logInTest7 -->
        <test-method is-config="true" signature="cleanUp()[pri:0, instance:com.qa.orangehrm.testcases.LogInTestCases@2ed2d9cb]" started-at="2022-06-08T17:25:13 IST" name="cleanUp" finished-at="2022-06-08T17:25:13 IST" duration-ms="440" status="PASS">
          <reporter-output>
          </reporter-output>
        </test-method> <!-- cleanUp -->
      </class> <!-- com.qa.orangehrm.testcases.LogInTestCases -->
    </test> <!-- Default test -->
  </suite> <!-- Default suite -->
</testng-results>
