<?xml version="1.0" encoding="UTF-8"?>
<!-- Generated by org.testng.reporters.JUnitXMLReporter -->
<testsuite ignored="0" hostname="DESKTOP-SRK10AP" failures="0" tests="4" name="Test" time="114.589" errors="0" timestamp="2022-10-10T18:20:37 IST">
  <testcase classname="com.test.pizzahut.CouponTestCases" name="Validate_Coupon_for_Single_Product_Cart_Value_Above_500" time="11.308"/>
  <testcase classname="com.test.pizzahut.CouponTestCases" name="Validate_Coupon_for_Multiple_Products_Cart_Value_Above_500" time="9.29"/>
  <testcase classname="com.test.pizzahut.CouponTestCases" name="Validate_Coupon_for_already_existing_deal" time="18.284"/>
  <testcase classname="com.test.pizzahut.CouponTestCases" name="Validate_Coupon_for_Cart_Value_Below_500" time="8.911"/>
</testsuite> <!-- Test -->
