<?xml version="1.0" encoding="UTF-8"?>
<!-- Generated by org.testng.reporters.JUnitXMLReporter -->
<testsuite ignored="0" hostname="LIN83001426" failures="0" tests="13" name="Default test" time="102.503" errors="0" timestamp="2022-06-08T17:25:13 IST">
  <testcase classname="com.qa.orangehrm.testcases.LogInTestCases" name="forgotPassword" time="1.031"/>
  <testcase classname="com.qa.orangehrm.testcases.LogInTestCases" name="forgottextbox1" time="1.923"/>
  <testcase classname="com.qa.orangehrm.testcases.LogInTestCases" name="forgottextbox2" time="2.118"/>
  <testcase classname="com.qa.orangehrm.testcases.LogInTestCases" name="forgottextbox3" time="2.153"/>
  <testcase classname="com.qa.orangehrm.testcases.LogInTestCases" name="forgottextbox4" time="1.898"/>
  <testcase classname="com.qa.orangehrm.testcases.LogInTestCases" name="forgottextbox5" time="1.841"/>
  <testcase classname="com.qa.orangehrm.testcases.LogInTestCases" name="logInTest" time="5.088"/>
  <testcase classname="com.qa.orangehrm.testcases.LogInTestCases" name="logInTest2" time="1.551"/>
  <testcase classname="com.qa.orangehrm.testcases.LogInTestCases" name="logInTest3" time="1.929"/>
  <testcase classname="com.qa.orangehrm.testcases.LogInTestCases" name="logInTest4" time="1.716"/>
  <testcase classname="com.qa.orangehrm.testcases.LogInTestCases" name="logInTest5" time="1.781"/>
  <testcase classname="com.qa.orangehrm.testcases.LogInTestCases" name="logInTest6" time="2.152"/>
  <testcase classname="com.qa.orangehrm.testcases.LogInTestCases" name="logInTest7" time="0.169"/>
</testsuite> <!-- Default test -->
